2022/09/15 08:30:59 [notice] 1#1: using the "epoll" event method
2022/09/15 08:30:59 [notice] 1#1: nginx/1.23.1
2022/09/15 08:30:59 [notice] 1#1: built by gcc 11.2.1 20220219 (Alpine 11.2.1_git20220219) 
2022/09/15 08:30:59 [notice] 1#1: OS: Linux 5.10.104-linuxkit
2022/09/15 08:30:59 [notice] 1#1: getrlimit(RLIMIT_NOFILE): 1048576:1048576
2022/09/15 08:30:59 [notice] 1#1: start worker processes
2022/09/15 08:30:59 [notice] 1#1: start worker process 31
2022/09/15 08:30:59 [notice] 1#1: start worker process 32
2022/09/15 08:30:59 [notice] 1#1: start worker process 33
2022/09/15 08:30:59 [notice] 1#1: start worker process 34
2022/09/15 08:31:16 [error] 31#31: *2 open() "/var/www/html/favicon.ico" failed (2: No such file or directory), client: 172.29.0.1, server: , request: "GET /favicon.ico HTTP/1.1", host: "localhost:8082", referrer: "http://localhost:8082/"
2022/09/15 08:31:17 [error] 31#31: *2 open() "/var/www/html/favicon.ico" failed (2: No such file or directory), client: 172.29.0.1, server: , request: "GET /favicon.ico HTTP/1.1", host: "localhost:8082", referrer: "http://localhost:8082/"
2022/09/15 08:31:17 [error] 31#31: *2 open() "/var/www/html/favicon.ico" failed (2: No such file or directory), client: 172.29.0.1, server: , request: "GET /favicon.ico HTTP/1.1", host: "localhost:8082", referrer: "http://localhost:8082/"
2022/09/15 08:32:02 [notice] 1#1: signal 3 (SIGQUIT) received, shutting down
2022/09/15 08:32:02 [notice] 31#31: gracefully shutting down
2022/09/15 08:32:02 [notice] 33#33: gracefully shutting down
2022/09/15 08:32:02 [notice] 33#33: exiting
2022/09/15 08:32:02 [notice] 32#32: gracefully shutting down
2022/09/15 08:32:02 [notice] 32#32: exiting
2022/09/15 08:32:02 [notice] 34#34: gracefully shutting down
2022/09/15 08:32:02 [notice] 33#33: exit
2022/09/15 08:32:02 [notice] 32#32: exit
2022/09/15 08:32:02 [notice] 34#34: exiting
2022/09/15 08:32:02 [notice] 34#34: exit
2022/09/15 08:32:02 [notice] 1#1: signal 17 (SIGCHLD) received from 33
2022/09/15 08:32:02 [notice] 1#1: worker process 33 exited with code 0
2022/09/15 08:32:02 [notice] 1#1: worker process 32 exited with code 0
2022/09/15 08:32:02 [notice] 1#1: signal 29 (SIGIO) received
2022/09/15 08:32:02 [notice] 1#1: signal 17 (SIGCHLD) received from 32
2022/09/15 08:32:02 [notice] 1#1: signal 17 (SIGCHLD) received from 34
2022/09/15 08:32:02 [notice] 1#1: worker process 34 exited with code 0
2022/09/15 08:32:02 [notice] 1#1: signal 29 (SIGIO) received
2022/09/15 08:32:14 [notice] 1#1: using the "epoll" event method
2022/09/15 08:32:14 [notice] 1#1: nginx/1.23.1
2022/09/15 08:32:14 [notice] 1#1: built by gcc 11.2.1 20220219 (Alpine 11.2.1_git20220219) 
2022/09/15 08:32:14 [notice] 1#1: OS: Linux 5.10.104-linuxkit
2022/09/15 08:32:14 [notice] 1#1: getrlimit(RLIMIT_NOFILE): 1048576:1048576
2022/09/15 08:32:14 [notice] 1#1: start worker processes
2022/09/15 08:32:14 [notice] 1#1: start worker process 32
2022/09/15 08:32:14 [notice] 1#1: start worker process 33
2022/09/15 08:32:14 [notice] 1#1: start worker process 34
2022/09/15 08:32:14 [notice] 1#1: start worker process 35
2022/09/15 08:33:18 [error] 32#32: *1 FastCGI sent in stderr: "Primary script unknown" while reading response header from upstream, client: 172.30.0.1, server: , request: "GET /public/config.php HTTP/1.1", upstream: "fastcgi://172.30.0.2:9000", host: "localhost:8082"
2022/09/15 09:01:30 [notice] 1#1: signal 3 (SIGQUIT) received, shutting down
2022/09/15 09:01:30 [notice] 32#32: gracefully shutting down
2022/09/15 09:01:30 [notice] 32#32: exiting
2022/09/15 09:01:30 [notice] 35#35: gracefully shutting down
2022/09/15 09:01:30 [notice] 35#35: exiting
2022/09/15 09:01:30 [notice] 33#33: gracefully shutting down
2022/09/15 09:01:30 [notice] 33#33: exiting
2022/09/15 09:01:30 [notice] 34#34: gracefully shutting down
2022/09/15 09:01:30 [notice] 32#32: exit
2022/09/15 09:01:30 [notice] 35#35: exit
2022/09/15 09:01:30 [notice] 33#33: exit
2022/09/15 09:01:30 [notice] 34#34: exiting
2022/09/15 09:01:30 [notice] 34#34: exit
2022/09/15 09:01:30 [notice] 1#1: signal 17 (SIGCHLD) received from 35
2022/09/15 09:01:30 [notice] 1#1: worker process 35 exited with code 0
2022/09/15 09:01:30 [notice] 1#1: worker process 32 exited with code 0
2022/09/15 09:01:30 [notice] 1#1: signal 29 (SIGIO) received
2022/09/15 09:01:30 [notice] 1#1: signal 17 (SIGCHLD) received from 32
2022/09/15 09:01:30 [notice] 1#1: signal 17 (SIGCHLD) received from 33
2022/09/15 09:01:30 [notice] 1#1: worker process 33 exited with code 0
2022/09/15 09:01:30 [notice] 1#1: signal 29 (SIGIO) received
2022/09/15 09:01:30 [notice] 1#1: signal 17 (SIGCHLD) received from 34
2022/09/15 09:01:30 [notice] 1#1: worker process 34 exited with code 0
2022/09/15 09:01:30 [notice] 1#1: exit
2022/09/15 09:01:49 [notice] 1#1: using the "epoll" event method
2022/09/15 09:01:49 [notice] 1#1: nginx/1.23.1
2022/09/15 09:01:49 [notice] 1#1: built by gcc 11.2.1 20220219 (Alpine 11.2.1_git20220219) 
2022/09/15 09:01:49 [notice] 1#1: OS: Linux 5.10.104-linuxkit
2022/09/15 09:01:49 [notice] 1#1: getrlimit(RLIMIT_NOFILE): 1048576:1048576
2022/09/15 09:01:49 [notice] 1#1: start worker processes
2022/09/15 09:01:49 [notice] 1#1: start worker process 31
2022/09/15 09:01:49 [notice] 1#1: start worker process 32
2022/09/15 09:01:49 [notice] 1#1: start worker process 33
2022/09/15 09:01:49 [notice] 1#1: start worker process 34
2022/09/15 09:02:35 [error] 33#33: *1 open() "/var/www/html/favicon.ico" failed (2: No such file or directory), client: 172.31.0.1, server: , request: "GET /favicon.ico HTTP/1.1", host: "localhost:8082", referrer: "http://localhost:8082/public/config.php"
2022/09/15 09:03:53 [error] 31#31: *4 open() "/var/www/html/public/~" failed (2: No such file or directory), client: 172.31.0.1, server: , request: "GET /public/~ HTTP/1.1", host: "localhost:8082"
2022/09/15 09:07:59 [notice] 1#1: signal 3 (SIGQUIT) received, shutting down
2022/09/15 09:07:59 [notice] 33#33: gracefully shutting down
2022/09/15 09:07:59 [notice] 31#31: gracefully shutting down
2022/09/15 09:07:59 [notice] 31#31: exiting
2022/09/15 09:07:59 [notice] 34#34: gracefully shutting down
2022/09/15 09:07:59 [notice] 32#32: gracefully shutting down
2022/09/15 09:07:59 [notice] 34#34: exiting
2022/09/15 09:07:59 [notice] 33#33: exiting
2022/09/15 09:07:59 [notice] 31#31: exit
2022/09/15 09:07:59 [notice] 32#32: exiting
2022/09/15 09:07:59 [notice] 34#34: exit
2022/09/15 09:07:59 [notice] 33#33: exit
2022/09/15 09:07:59 [notice] 32#32: exit
2022/09/15 09:07:59 [notice] 1#1: signal 17 (SIGCHLD) received from 34
2022/09/15 09:07:59 [notice] 1#1: worker process 34 exited with code 0
2022/09/15 09:07:59 [notice] 1#1: signal 29 (SIGIO) received
2022/09/15 09:07:59 [notice] 1#1: signal 17 (SIGCHLD) received from 31
2022/09/15 09:07:59 [notice] 1#1: worker process 31 exited with code 0
2022/09/15 09:07:59 [notice] 1#1: worker process 33 exited with code 0
2022/09/15 09:07:59 [notice] 1#1: signal 29 (SIGIO) received
2022/09/15 09:07:59 [notice] 1#1: signal 17 (SIGCHLD) received from 32
2022/09/15 09:07:59 [notice] 1#1: worker process 32 exited with code 0
2022/09/15 09:07:59 [notice] 1#1: exit
2022/09/15 09:08:02 [notice] 1#1: using the "epoll" event method
2022/09/15 09:08:02 [notice] 1#1: nginx/1.23.1
2022/09/15 09:08:02 [notice] 1#1: built by gcc 11.2.1 20220219 (Alpine 11.2.1_git20220219) 
2022/09/15 09:08:02 [notice] 1#1: OS: Linux 5.10.104-linuxkit
2022/09/15 09:08:02 [notice] 1#1: getrlimit(RLIMIT_NOFILE): 1048576:1048576
2022/09/15 09:08:02 [notice] 1#1: start worker processes
2022/09/15 09:08:02 [notice] 1#1: start worker process 31
2022/09/15 09:08:02 [notice] 1#1: start worker process 32
2022/09/15 09:08:02 [notice] 1#1: start worker process 33
2022/09/15 09:08:02 [notice] 1#1: start worker process 34
2022/09/15 09:08:09 [error] 33#33: *1 open() "/var/www/html/favicon.ico" failed (2: No such file or directory), client: 192.168.0.1, server: , request: "GET /favicon.ico HTTP/1.1", host: "localhost:8082", referrer: "http://localhost:8082/invoker/"
2022/09/15 09:08:11 [error] 33#33: *1 open() "/var/www/html/favicon.ico" failed (2: No such file or directory), client: 192.168.0.1, server: , request: "GET /favicon.ico HTTP/1.1", host: "localhost:8082", referrer: "http://localhost:8082/invoker/"
2022/09/15 09:08:11 [error] 33#33: *1 open() "/var/www/html/favicon.ico" failed (2: No such file or directory), client: 192.168.0.1, server: , request: "GET /favicon.ico HTTP/1.1", host: "localhost:8082", referrer: "http://localhost:8082/invoker/"
2022/09/15 09:08:12 [error] 33#33: *1 open() "/var/www/html/favicon.ico" failed (2: No such file or directory), client: 192.168.0.1, server: , request: "GET /favicon.ico HTTP/1.1", host: "localhost:8082", referrer: "http://localhost:8082/invoker/"
2022/09/15 09:08:12 [error] 33#33: *1 open() "/var/www/html/favicon.ico" failed (2: No such file or directory), client: 192.168.0.1, server: , request: "GET /favicon.ico HTTP/1.1", host: "localhost:8082", referrer: "http://localhost:8082/invoker/"
2022/09/15 09:08:12 [error] 33#33: *1 open() "/var/www/html/favicon.ico" failed (2: No such file or directory), client: 192.168.0.1, server: , request: "GET /favicon.ico HTTP/1.1", host: "localhost:8082", referrer: "http://localhost:8082/invoker/"
2022/09/15 09:08:13 [error] 33#33: *1 open() "/var/www/html/favicon.ico" failed (2: No such file or directory), client: 192.168.0.1, server: , request: "GET /favicon.ico HTTP/1.1", host: "localhost:8082", referrer: "http://localhost:8082/invoker/"
2022/09/15 09:08:13 [error] 33#33: *1 open() "/var/www/html/favicon.ico" failed (2: No such file or directory), client: 192.168.0.1, server: , request: "GET /favicon.ico HTTP/1.1", host: "localhost:8082", referrer: "http://localhost:8082/invoker/"
2022/09/15 09:08:14 [error] 33#33: *1 open() "/var/www/html/favicon.ico" failed (2: No such file or directory), client: 192.168.0.1, server: , request: "GET /favicon.ico HTTP/1.1", host: "localhost:8082", referrer: "http://localhost:8082/invoker/"
2022/09/15 09:08:14 [error] 33#33: *1 open() "/var/www/html/favicon.ico" failed (2: No such file or directory), client: 192.168.0.1, server: , request: "GET /favicon.ico HTTP/1.1", host: "localhost:8082", referrer: "http://localhost:8082/invoker/"
2022/09/15 09:08:27 [notice] 1#1: signal 3 (SIGQUIT) received, shutting down
2022/09/15 09:08:27 [notice] 31#31: gracefully shutting down
2022/09/15 09:08:27 [notice] 32#32: gracefully shutting down
2022/09/15 09:08:27 [notice] 32#32: exiting
2022/09/15 09:08:27 [notice] 33#33: gracefully shutting down
2022/09/15 09:08:27 [notice] 34#34: gracefully shutting down
2022/09/15 09:08:27 [notice] 32#32: exit
2022/09/15 09:08:27 [notice] 33#33: exiting
2022/09/15 09:08:27 [notice] 34#34: exiting
2022/09/15 09:08:27 [notice] 33#33: exit
2022/09/15 09:08:27 [notice] 34#34: exit
2022/09/15 09:08:27 [notice] 1#1: signal 17 (SIGCHLD) received from 32
2022/09/15 09:08:27 [notice] 1#1: worker process 32 exited with code 0
2022/09/15 09:08:27 [notice] 1#1: signal 29 (SIGIO) received
2022/09/15 09:08:27 [notice] 1#1: signal 17 (SIGCHLD) received from 34
2022/09/15 09:08:27 [notice] 1#1: worker process 34 exited with code 0
2022/09/15 09:08:27 [notice] 1#1: signal 29 (SIGIO) received
2022/09/15 09:08:27 [notice] 1#1: signal 17 (SIGCHLD) received from 33
2022/09/15 09:08:27 [notice] 1#1: worker process 33 exited with code 0
2022/09/15 09:08:27 [notice] 1#1: signal 29 (SIGIO) received
2022/09/15 09:10:31 [notice] 1#1: using the "epoll" event method
2022/09/15 09:10:31 [notice] 1#1: nginx/1.23.1
2022/09/15 09:10:31 [notice] 1#1: built by gcc 11.2.1 20220219 (Alpine 11.2.1_git20220219) 
2022/09/15 09:10:31 [notice] 1#1: OS: Linux 5.10.104-linuxkit
2022/09/15 09:10:31 [notice] 1#1: getrlimit(RLIMIT_NOFILE): 1048576:1048576
2022/09/15 09:10:31 [notice] 1#1: start worker processes
2022/09/15 09:10:31 [notice] 1#1: start worker process 32
2022/09/15 09:10:31 [notice] 1#1: start worker process 33
2022/09/15 09:10:31 [notice] 1#1: start worker process 34
2022/09/15 09:10:31 [notice] 1#1: start worker process 35
2022/09/15 09:10:43 [notice] 1#1: signal 3 (SIGQUIT) received, shutting down
2022/09/15 09:10:43 [notice] 32#32: gracefully shutting down
2022/09/15 09:10:43 [notice] 33#33: gracefully shutting down
2022/09/15 09:10:43 [notice] 33#33: exiting
2022/09/15 09:10:43 [notice] 34#34: gracefully shutting down
2022/09/15 09:10:43 [notice] 35#35: gracefully shutting down
2022/09/15 09:10:43 [notice] 32#32: exiting
2022/09/15 09:10:43 [notice] 33#33: exit
2022/09/15 09:10:43 [notice] 34#34: exiting
2022/09/15 09:10:43 [notice] 35#35: exiting
2022/09/15 09:10:43 [notice] 32#32: exit
2022/09/15 09:10:43 [notice] 34#34: exit
2022/09/15 09:10:43 [notice] 35#35: exit
2022/09/15 09:10:43 [notice] 1#1: signal 17 (SIGCHLD) received from 33
2022/09/15 09:10:43 [notice] 1#1: worker process 33 exited with code 0
2022/09/15 09:10:43 [notice] 1#1: signal 29 (SIGIO) received
2022/09/15 09:10:43 [notice] 1#1: signal 17 (SIGCHLD) received from 32
2022/09/15 09:10:43 [notice] 1#1: worker process 32 exited with code 0
2022/09/15 09:10:43 [notice] 1#1: worker process 34 exited with code 0
2022/09/15 09:10:43 [notice] 1#1: worker process 35 exited with code 0
2022/09/15 09:10:43 [notice] 1#1: exit
2022/09/15 09:16:32 [notice] 1#1: using the "epoll" event method
2022/09/15 09:16:32 [notice] 1#1: nginx/1.23.1
2022/09/15 09:16:32 [notice] 1#1: built by gcc 11.2.1 20220219 (Alpine 11.2.1_git20220219) 
2022/09/15 09:16:32 [notice] 1#1: OS: Linux 5.10.104-linuxkit
2022/09/15 09:16:32 [notice] 1#1: getrlimit(RLIMIT_NOFILE): 1048576:1048576
2022/09/15 09:16:32 [notice] 1#1: start worker processes
2022/09/15 09:16:32 [notice] 1#1: start worker process 31
2022/09/15 09:16:32 [notice] 1#1: start worker process 32
2022/09/15 09:16:32 [notice] 1#1: start worker process 33
2022/09/15 09:16:32 [notice] 1#1: start worker process 34
2022/09/15 09:22:48 [notice] 1#1: signal 3 (SIGQUIT) received, shutting down
2022/09/15 09:22:48 [notice] 32#32: gracefully shutting down
2022/09/15 09:22:48 [notice] 34#34: gracefully shutting down
2022/09/15 09:22:48 [notice] 31#31: gracefully shutting down
2022/09/15 09:22:48 [notice] 31#31: exiting
2022/09/15 09:22:48 [notice] 33#33: gracefully shutting down
2022/09/15 09:22:48 [notice] 32#32: exiting
2022/09/15 09:22:48 [notice] 34#34: exiting
2022/09/15 09:22:48 [notice] 31#31: exit
2022/09/15 09:22:48 [notice] 33#33: exiting
2022/09/15 09:22:48 [notice] 33#33: exit
2022/09/15 09:22:48 [notice] 32#32: exit
2022/09/15 09:22:48 [notice] 34#34: exit
2022/09/15 09:22:48 [notice] 1#1: signal 17 (SIGCHLD) received from 31
2022/09/15 09:22:48 [notice] 1#1: worker process 31 exited with code 0
2022/09/15 09:22:48 [notice] 1#1: signal 29 (SIGIO) received
2022/09/15 09:22:48 [notice] 1#1: signal 17 (SIGCHLD) received from 33
2022/09/15 09:22:48 [notice] 1#1: worker process 33 exited with code 0
2022/09/15 09:22:48 [notice] 1#1: signal 29 (SIGIO) received
2022/09/15 09:22:48 [notice] 1#1: signal 17 (SIGCHLD) received from 32
2022/09/15 09:22:48 [notice] 1#1: worker process 32 exited with code 0
2022/09/15 09:22:48 [notice] 1#1: signal 29 (SIGIO) received
2022/09/15 09:22:48 [notice] 1#1: signal 17 (SIGCHLD) received from 34
2022/09/15 09:22:48 [notice] 1#1: worker process 34 exited with code 0
2022/09/15 09:22:48 [notice] 1#1: exit
2022/09/15 09:27:07 [notice] 1#1: using the "epoll" event method
2022/09/15 09:27:07 [notice] 1#1: nginx/1.23.1
2022/09/15 09:27:07 [notice] 1#1: built by gcc 11.2.1 20220219 (Alpine 11.2.1_git20220219) 
2022/09/15 09:27:07 [notice] 1#1: OS: Linux 5.10.104-linuxkit
2022/09/15 09:27:07 [notice] 1#1: getrlimit(RLIMIT_NOFILE): 1048576:1048576
2022/09/15 09:27:07 [notice] 1#1: start worker processes
2022/09/15 09:27:07 [notice] 1#1: start worker process 31
2022/09/15 09:27:07 [notice] 1#1: start worker process 32
2022/09/15 09:27:07 [notice] 1#1: start worker process 33
2022/09/15 09:27:07 [notice] 1#1: start worker process 34
2022/09/15 09:28:54 [error] 32#32: *2 open() "/var/www/html/theme/assets/img/logo-dagangan-white.png" failed (2: No such file or directory), client: 192.168.48.1, server: , request: "GET /theme/assets/img/logo-dagangan-white.png HTTP/1.1", host: "localhost:8082", referrer: "http://localhost:8082/invoker/"
2022/09/15 09:30:02 [error] 33#33: *6 open() "/var/www/html/invoker/tms/transaction" failed (2: No such file or directory), client: 192.168.48.1, server: , request: "GET /invoker/tms/transaction HTTP/1.1", host: "localhost:8082", referrer: "http://localhost:8082/invoker/"
2022/09/15 09:30:14 [error] 33#33: *6 open() "/var/www/html/invoker/tms/transaction" failed (2: No such file or directory), client: 192.168.48.1, server: , request: "GET /invoker/tms/transaction HTTP/1.1", host: "localhost:8082", referrer: "http://localhost:8082/invoker/"
2022/09/15 09:32:17 [notice] 1#1: signal 3 (SIGQUIT) received, shutting down
2022/09/15 09:32:17 [notice] 31#31: gracefully shutting down
2022/09/15 09:32:17 [notice] 32#32: gracefully shutting down
2022/09/15 09:32:17 [notice] 31#31: exiting
2022/09/15 09:32:17 [notice] 31#31: exit
2022/09/15 09:32:17 [notice] 33#33: gracefully shutting down
2022/09/15 09:32:17 [notice] 33#33: exiting
2022/09/15 09:32:17 [notice] 34#34: gracefully shutting down
2022/09/15 09:32:17 [notice] 34#34: exiting
2022/09/15 09:32:17 [notice] 34#34: exit
2022/09/15 09:32:17 [notice] 32#32: exiting
2022/09/15 09:32:17 [notice] 32#32: exit
2022/09/15 09:32:17 [notice] 33#33: exit
2022/09/15 09:32:17 [notice] 1#1: signal 17 (SIGCHLD) received from 31
2022/09/15 09:32:17 [notice] 1#1: worker process 31 exited with code 0
2022/09/15 09:32:17 [notice] 1#1: signal 29 (SIGIO) received
2022/09/15 09:32:17 [notice] 1#1: signal 17 (SIGCHLD) received from 34
2022/09/15 09:32:17 [notice] 1#1: worker process 34 exited with code 0
2022/09/15 09:32:17 [notice] 1#1: signal 29 (SIGIO) received
2022/09/15 09:32:17 [notice] 1#1: signal 17 (SIGCHLD) received from 32
2022/09/15 09:32:17 [notice] 1#1: worker process 32 exited with code 0
2022/09/15 09:32:17 [notice] 1#1: signal 29 (SIGIO) received
2022/09/15 09:32:17 [notice] 1#1: signal 17 (SIGCHLD) received from 33
2022/09/15 09:32:17 [notice] 1#1: worker process 33 exited with code 0
2022/09/15 09:32:17 [notice] 1#1: exit
2022/09/15 09:32:20 [emerg] 1#1: no port in upstream "php-upstream" in /etc/nginx/conf.d/default.conf:31
2022/09/15 09:33:23 [warn] 1#1: conflicting server name "" on 0.0.0.0:80, ignored
2022/09/15 09:33:23 [notice] 1#1: using the "epoll" event method
2022/09/15 09:33:23 [notice] 1#1: nginx/1.23.1
2022/09/15 09:33:23 [notice] 1#1: built by gcc 11.2.1 20220219 (Alpine 11.2.1_git20220219) 
2022/09/15 09:33:23 [notice] 1#1: OS: Linux 5.10.104-linuxkit
2022/09/15 09:33:23 [notice] 1#1: getrlimit(RLIMIT_NOFILE): 1048576:1048576
2022/09/15 09:33:23 [notice] 1#1: start worker processes
2022/09/15 09:33:23 [notice] 1#1: start worker process 31
2022/09/15 09:33:23 [notice] 1#1: start worker process 32
2022/09/15 09:33:23 [notice] 1#1: start worker process 33
2022/09/15 09:33:23 [notice] 1#1: start worker process 34
2022/09/15 09:33:34 [error] 32#32: *2 open() "/var/www/html/invoker/favicon.ico" failed (2: No such file or directory), client: 192.168.96.1, server: , request: "GET /invoker/favicon.ico HTTP/1.1", host: "localhost:8082", referrer: "http://localhost:8082/invoker/"
2022/09/15 09:34:24 [notice] 1#1: signal 3 (SIGQUIT) received, shutting down
2022/09/15 09:34:24 [notice] 31#31: gracefully shutting down
2022/09/15 09:34:24 [notice] 33#33: gracefully shutting down
2022/09/15 09:34:24 [notice] 32#32: gracefully shutting down
2022/09/15 09:34:24 [notice] 34#34: gracefully shutting down
2022/09/15 09:34:24 [notice] 33#33: exiting
2022/09/15 09:34:24 [notice] 32#32: exiting
2022/09/15 09:34:24 [notice] 34#34: exiting
2022/09/15 09:34:24 [notice] 33#33: exit
2022/09/15 09:34:24 [notice] 32#32: exit
2022/09/15 09:34:24 [notice] 34#34: exit
2022/09/15 09:34:24 [notice] 1#1: signal 17 (SIGCHLD) received from 33
2022/09/15 09:34:24 [notice] 1#1: worker process 32 exited with code 0
2022/09/15 09:34:24 [notice] 1#1: worker process 33 exited with code 0
2022/09/15 09:34:24 [notice] 1#1: signal 29 (SIGIO) received
2022/09/15 09:34:24 [notice] 1#1: signal 17 (SIGCHLD) received from 34
2022/09/15 09:34:24 [notice] 1#1: worker process 34 exited with code 0
2022/09/15 09:34:24 [notice] 1#1: signal 29 (SIGIO) received
2022/09/15 09:34:30 [notice] 31#31: exiting
2022/09/15 09:34:30 [notice] 31#31: exit
2022/09/15 09:34:30 [notice] 1#1: signal 17 (SIGCHLD) received from 31
2022/09/15 09:34:30 [notice] 1#1: worker process 31 exited with code 0
2022/09/15 09:34:30 [notice] 1#1: exit
2022/09/15 09:34:32 [warn] 1#1: conflicting server name "" on 0.0.0.0:80, ignored
2022/09/15 09:34:32 [notice] 1#1: using the "epoll" event method
2022/09/15 09:34:32 [notice] 1#1: nginx/1.23.1
2022/09/15 09:34:32 [notice] 1#1: built by gcc 11.2.1 20220219 (Alpine 11.2.1_git20220219) 
2022/09/15 09:34:32 [notice] 1#1: OS: Linux 5.10.104-linuxkit
2022/09/15 09:34:32 [notice] 1#1: getrlimit(RLIMIT_NOFILE): 1048576:1048576
2022/09/15 09:34:32 [notice] 1#1: start worker processes
2022/09/15 09:34:32 [notice] 1#1: start worker process 31
2022/09/15 09:34:32 [notice] 1#1: start worker process 32
2022/09/15 09:34:32 [notice] 1#1: start worker process 33
2022/09/15 09:34:32 [notice] 1#1: start worker process 34
2022/09/15 09:34:37 [error] 32#32: *1 open() "/var/www/html/invoker/tms/transaction" failed (2: No such file or directory), client: 192.168.112.1, server: , request: "GET /invoker/tms/transaction HTTP/1.1", host: "localhost:8082"
2022/09/15 09:36:14 [notice] 1#1: signal 3 (SIGQUIT) received, shutting down
2022/09/15 09:36:14 [notice] 33#33: gracefully shutting down
2022/09/15 09:36:14 [notice] 31#31: gracefully shutting down
2022/09/15 09:36:14 [notice] 31#31: exiting
2022/09/15 09:36:14 [notice] 34#34: gracefully shutting down
2022/09/15 09:36:14 [notice] 31#31: exit
2022/09/15 09:36:14 [notice] 32#32: gracefully shutting down
2022/09/15 09:36:14 [notice] 32#32: exiting
2022/09/15 09:36:14 [notice] 33#33: exiting
2022/09/15 09:36:14 [notice] 33#33: exit
2022/09/15 09:36:14 [notice] 34#34: exiting
2022/09/15 09:36:14 [notice] 32#32: exit
2022/09/15 09:36:14 [notice] 34#34: exit
2022/09/15 09:36:14 [notice] 1#1: signal 17 (SIGCHLD) received from 31
2022/09/15 09:36:14 [notice] 1#1: worker process 31 exited with code 0
2022/09/15 09:36:14 [notice] 1#1: signal 29 (SIGIO) received
2022/09/15 09:36:14 [notice] 1#1: signal 17 (SIGCHLD) received from 32
2022/09/15 09:36:14 [notice] 1#1: worker process 32 exited with code 0
2022/09/15 09:36:14 [notice] 1#1: signal 29 (SIGIO) received
2022/09/15 09:36:14 [notice] 1#1: signal 17 (SIGCHLD) received from 33
2022/09/15 09:36:14 [notice] 1#1: worker process 33 exited with code 0
2022/09/15 09:36:14 [notice] 1#1: signal 29 (SIGIO) received
2022/09/15 09:36:14 [notice] 1#1: signal 17 (SIGCHLD) received from 34
2022/09/15 09:36:14 [notice] 1#1: worker process 34 exited with code 0
2022/09/15 09:36:14 [notice] 1#1: exit
2022/09/15 09:59:07 [warn] 1#1: conflicting server name "" on 0.0.0.0:80, ignored
2022/09/15 09:59:07 [notice] 1#1: using the "epoll" event method
2022/09/15 09:59:07 [notice] 1#1: nginx/1.23.1
2022/09/15 09:59:07 [notice] 1#1: built by gcc 11.2.1 20220219 (Alpine 11.2.1_git20220219) 
2022/09/15 09:59:07 [notice] 1#1: OS: Linux 5.10.104-linuxkit
2022/09/15 09:59:07 [notice] 1#1: getrlimit(RLIMIT_NOFILE): 1048576:1048576
2022/09/15 09:59:07 [notice] 1#1: start worker processes
2022/09/15 09:59:07 [notice] 1#1: start worker process 32
2022/09/15 09:59:07 [notice] 1#1: start worker process 33
2022/09/15 09:59:07 [notice] 1#1: start worker process 34
2022/09/15 09:59:07 [notice] 1#1: start worker process 35
2022/09/15 10:36:27 [error] 34#34: *8 upstream timed out (110: Operation timed out) while reading response header from upstream, client: 172.18.0.1, server: , request: "GET /public/index.php HTTP/1.1", upstream: "fastcgi://172.18.0.3:9000", host: "localhost:8082"
2022/09/15 10:39:22 [error] 33#33: *13 open() "/var/www/html/invoker/tms/transaction" failed (2: No such file or directory), client: 172.18.0.1, server: , request: "GET /invoker/tms/transaction HTTP/1.1", host: "localhost:8082"
2022/09/15 10:39:26 [error] 33#33: *13 open() "/var/www/html/invoker/tms/transaction" failed (2: No such file or directory), client: 172.18.0.1, server: , request: "GET /invoker/tms/transaction HTTP/1.1", host: "localhost:8082"
2022/09/15 10:39:32 [notice] 1#1: signal 3 (SIGQUIT) received, shutting down
2022/09/15 10:39:32 [notice] 32#32: gracefully shutting down
2022/09/15 10:39:32 [notice] 34#34: gracefully shutting down
2022/09/15 10:39:32 [notice] 35#35: gracefully shutting down
2022/09/15 10:39:32 [notice] 33#33: gracefully shutting down
2022/09/15 10:39:32 [notice] 35#35: exiting
2022/09/15 10:39:32 [notice] 34#34: exiting
2022/09/15 10:39:32 [notice] 32#32: exiting
2022/09/15 10:39:32 [notice] 34#34: exit
2022/09/15 10:39:32 [notice] 32#32: exit
2022/09/15 10:39:32 [notice] 35#35: exit
2022/09/15 10:39:33 [notice] 1#1: signal 17 (SIGCHLD) received from 34
2022/09/15 10:39:33 [notice] 1#1: worker process 34 exited with code 0
2022/09/15 10:39:33 [notice] 1#1: worker process 35 exited with code 0
2022/09/15 10:39:33 [notice] 1#1: signal 29 (SIGIO) received
2022/09/15 10:39:33 [notice] 1#1: signal 17 (SIGCHLD) received from 35
2022/09/15 10:39:33 [notice] 1#1: worker process 32 exited with code 0
2022/09/15 10:39:33 [notice] 1#1: signal 29 (SIGIO) received
2022/09/15 10:39:33 [notice] 1#1: signal 17 (SIGCHLD) received from 32
2022/09/15 10:39:46 [warn] 1#1: conflicting server name "" on 0.0.0.0:80, ignored
2022/09/15 10:39:46 [notice] 1#1: using the "epoll" event method
2022/09/15 10:39:46 [notice] 1#1: nginx/1.23.1
2022/09/15 10:39:46 [notice] 1#1: built by gcc 11.2.1 20220219 (Alpine 11.2.1_git20220219) 
2022/09/15 10:39:46 [notice] 1#1: OS: Linux 5.10.104-linuxkit
2022/09/15 10:39:46 [notice] 1#1: getrlimit(RLIMIT_NOFILE): 1048576:1048576
2022/09/15 10:39:46 [notice] 1#1: start worker processes
2022/09/15 10:39:46 [notice] 1#1: start worker process 31
2022/09/15 10:39:46 [notice] 1#1: start worker process 32
2022/09/15 10:39:46 [notice] 1#1: start worker process 33
2022/09/15 10:39:46 [notice] 1#1: start worker process 34
2022/09/15 10:40:11 [error] 31#31: *1 open() "/var/www/html/invoker/tms/transaction" failed (2: No such file or directory), client: 172.19.0.1, server: , request: "GET /invoker/tms/transaction HTTP/1.1", host: "localhost:8082"
2022/09/15 10:40:13 [error] 31#31: *1 open() "/var/www/html/invoker/tms/transaction" failed (2: No such file or directory), client: 172.19.0.1, server: , request: "GET /invoker/tms/transaction HTTP/1.1", host: "localhost:8082"
2022/09/15 10:40:14 [error] 31#31: *1 open() "/var/www/html/favicon.ico" failed (2: No such file or directory), client: 172.19.0.1, server: , request: "GET /favicon.ico HTTP/1.1", host: "localhost:8082", referrer: "http://localhost:8082/invoker/tms/transaction"
2022/09/15 10:40:14 [error] 31#31: *1 open() "/var/www/html/invoker/tms/transaction" failed (2: No such file or directory), client: 172.19.0.1, server: , request: "GET /invoker/tms/transaction HTTP/1.1", host: "localhost:8082"
2022/09/15 10:40:14 [error] 31#31: *1 open() "/var/www/html/favicon.ico" failed (2: No such file or directory), client: 172.19.0.1, server: , request: "GET /favicon.ico HTTP/1.1", host: "localhost:8082", referrer: "http://localhost:8082/invoker/tms/transaction"
2022/09/15 10:40:18 [error] 31#31: *1 open() "/var/www/html/invoker/tms/transaction" failed (2: No such file or directory), client: 172.19.0.1, server: , request: "GET /invoker/tms/transaction HTTP/1.1", host: "localhost:8082"
2022/09/15 10:40:21 [error] 31#31: *1 open() "/var/www/html/invoker/tms/transaction" failed (2: No such file or directory), client: 172.19.0.1, server: , request: "GET /invoker/tms/transaction HTTP/1.1", host: "localhost:8082"
2022/09/15 10:40:21 [error] 31#31: *1 open() "/var/www/html/favicon.ico" failed (2: No such file or directory), client: 172.19.0.1, server: , request: "GET /favicon.ico HTTP/1.1", host: "localhost:8082", referrer: "http://localhost:8082/invoker/tms/transaction"
2022/09/15 10:40:22 [error] 31#31: *1 open() "/var/www/html/invoker/tms/transaction" failed (2: No such file or directory), client: 172.19.0.1, server: , request: "GET /invoker/tms/transaction HTTP/1.1", host: "localhost:8082"
2022/09/15 10:40:22 [error] 31#31: *1 open() "/var/www/html/favicon.ico" failed (2: No such file or directory), client: 172.19.0.1, server: , request: "GET /favicon.ico HTTP/1.1", host: "localhost:8082", referrer: "http://localhost:8082/invoker/tms/transaction"
2022/09/15 10:40:22 [error] 31#31: *1 open() "/var/www/html/invoker/tms/transaction" failed (2: No such file or directory), client: 172.19.0.1, server: , request: "GET /invoker/tms/transaction HTTP/1.1", host: "localhost:8082"
2022/09/15 10:40:22 [error] 31#31: *1 open() "/var/www/html/favicon.ico" failed (2: No such file or directory), client: 172.19.0.1, server: , request: "GET /favicon.ico HTTP/1.1", host: "localhost:8082", referrer: "http://localhost:8082/invoker/tms/transaction"
2022/09/15 10:40:47 [error] 31#31: *1 open() "/var/www/html/favicon.ico" failed (2: No such file or directory), client: 172.19.0.1, server: , request: "GET /favicon.ico HTTP/1.1", host: "localhost:8082", referrer: "http://localhost:8082/bristleback/"
2022/09/15 10:40:48 [error] 31#31: *1 open() "/var/www/html/favicon.ico" failed (2: No such file or directory), client: 172.19.0.1, server: , request: "GET /favicon.ico HTTP/1.1", host: "localhost:8082", referrer: "http://localhost:8082/bristleback/"
2022/09/15 10:40:54 [error] 31#31: *1 open() "/var/www/html/bristleback/public" failed (2: No such file or directory), client: 172.19.0.1, server: , request: "GET /bristleback/public HTTP/1.1", host: "localhost:8082"
2022/09/15 10:41:42 [notice] 1#1: signal 3 (SIGQUIT) received, shutting down
2022/09/15 10:41:42 [notice] 32#32: gracefully shutting down
2022/09/15 10:41:42 [notice] 32#32: exiting
2022/09/15 10:41:42 [notice] 31#31: gracefully shutting down
2022/09/15 10:41:42 [notice] 31#31: exiting
2022/09/15 10:41:42 [notice] 34#34: gracefully shutting down
2022/09/15 10:41:42 [notice] 33#33: gracefully shutting down
2022/09/15 10:41:42 [notice] 32#32: exit
2022/09/15 10:41:42 [notice] 31#31: exit
2022/09/15 10:41:42 [notice] 34#34: exiting
2022/09/15 10:41:42 [notice] 34#34: exit
2022/09/15 10:41:42 [notice] 33#33: exiting
2022/09/15 10:41:42 [notice] 33#33: exit
2022/09/15 10:41:43 [notice] 1#1: signal 17 (SIGCHLD) received from 31
2022/09/15 10:41:43 [notice] 1#1: worker process 31 exited with code 0
2022/09/15 10:41:43 [notice] 1#1: worker process 32 exited with code 0
2022/09/15 10:41:43 [notice] 1#1: signal 29 (SIGIO) received
2022/09/15 10:41:43 [notice] 1#1: signal 17 (SIGCHLD) received from 34
2022/09/15 10:41:43 [notice] 1#1: worker process 34 exited with code 0
2022/09/15 10:41:43 [notice] 1#1: signal 29 (SIGIO) received
2022/09/15 10:41:43 [notice] 1#1: signal 17 (SIGCHLD) received from 33
2022/09/15 10:41:43 [notice] 1#1: worker process 33 exited with code 0
2022/09/15 10:41:43 [notice] 1#1: exit
2022/09/15 10:41:46 [warn] 1#1: conflicting server name "" on 0.0.0.0:80, ignored
2022/09/15 10:41:46 [notice] 1#1: using the "epoll" event method
2022/09/15 10:41:46 [notice] 1#1: nginx/1.23.1
2022/09/15 10:41:46 [notice] 1#1: built by gcc 11.2.1 20220219 (Alpine 11.2.1_git20220219) 
2022/09/15 10:41:46 [notice] 1#1: OS: Linux 5.10.104-linuxkit
2022/09/15 10:41:46 [notice] 1#1: getrlimit(RLIMIT_NOFILE): 1048576:1048576
2022/09/15 10:41:46 [notice] 1#1: start worker processes
2022/09/15 10:41:46 [notice] 1#1: start worker process 31
2022/09/15 10:41:46 [notice] 1#1: start worker process 32
2022/09/15 10:41:46 [notice] 1#1: start worker process 33
2022/09/15 10:41:46 [notice] 1#1: start worker process 34
2022/09/15 10:41:58 [error] 31#31: *1 open() "/var/www/html/invoker/tms/transaction" failed (2: No such file or directory), client: 172.20.0.1, server: , request: "GET /invoker/tms/transaction HTTP/1.1", host: "localhost:8082"
2022/09/15 10:41:59 [error] 31#31: *1 open() "/var/www/html/invoker/tms/transaction" failed (2: No such file or directory), client: 172.20.0.1, server: , request: "GET /invoker/tms/transaction HTTP/1.1", host: "localhost:8082"
2022/09/15 10:41:59 [error] 31#31: *1 open() "/var/www/html/invoker/tms/transaction" failed (2: No such file or directory), client: 172.20.0.1, server: , request: "GET /invoker/tms/transaction HTTP/1.1", host: "localhost:8082"
2022/09/15 10:42:00 [error] 31#31: *1 open() "/var/www/html/invoker/tms/transaction" failed (2: No such file or directory), client: 172.20.0.1, server: , request: "GET /invoker/tms/transaction HTTP/1.1", host: "localhost:8082"
2022/09/15 10:42:00 [error] 31#31: *1 open() "/var/www/html/favicon.ico" failed (2: No such file or directory), client: 172.20.0.1, server: , request: "GET /favicon.ico HTTP/1.1", host: "localhost:8082", referrer: "http://localhost:8082/invoker/tms/transaction"
2022/09/15 10:42:01 [error] 31#31: *1 open() "/var/www/html/invoker/tms/transaction" failed (2: No such file or directory), client: 172.20.0.1, server: , request: "GET /invoker/tms/transaction HTTP/1.1", host: "localhost:8082"
2022/09/15 10:42:01 [error] 31#31: *1 open() "/var/www/html/invoker/tms/transaction" failed (2: No such file or directory), client: 172.20.0.1, server: , request: "GET /invoker/tms/transaction HTTP/1.1", host: "localhost:8082"
2022/09/15 10:42:01 [error] 32#32: *2 open() "/var/www/html/favicon.ico" failed (2: No such file or directory), client: 172.20.0.1, server: , request: "GET /favicon.ico HTTP/1.1", host: "localhost:8082", referrer: "http://localhost:8082/invoker/tms/transaction"
2022/09/15 10:42:01 [error] 32#32: *2 open() "/var/www/html/invoker/tms/transaction" failed (2: No such file or directory), client: 172.20.0.1, server: , request: "GET /invoker/tms/transaction HTTP/1.1", host: "localhost:8082"
2022/09/15 10:42:01 [error] 32#32: *2 open() "/var/www/html/favicon.ico" failed (2: No such file or directory), client: 172.20.0.1, server: , request: "GET /favicon.ico HTTP/1.1", host: "localhost:8082", referrer: "http://localhost:8082/invoker/tms/transaction"
2022/09/15 10:42:01 [error] 32#32: *2 open() "/var/www/html/invoker/tms/transaction" failed (2: No such file or directory), client: 172.20.0.1, server: , request: "GET /invoker/tms/transaction HTTP/1.1", host: "localhost:8082"
2022/09/15 10:42:01 [error] 32#32: *2 open() "/var/www/html/favicon.ico" failed (2: No such file or directory), client: 172.20.0.1, server: , request: "GET /favicon.ico HTTP/1.1", host: "localhost:8082", referrer: "http://localhost:8082/invoker/tms/transaction"
2022/09/15 10:42:01 [error] 32#32: *2 open() "/var/www/html/invoker/tms/transaction" failed (2: No such file or directory), client: 172.20.0.1, server: , request: "GET /invoker/tms/transaction HTTP/1.1", host: "localhost:8082"
2022/09/15 10:42:01 [error] 32#32: *2 open() "/var/www/html/invoker/tms/transaction" failed (2: No such file or directory), client: 172.20.0.1, server: , request: "GET /invoker/tms/transaction HTTP/1.1", host: "localhost:8082"
2022/09/15 10:42:01 [error] 32#32: *2 open() "/var/www/html/favicon.ico" failed (2: No such file or directory), client: 172.20.0.1, server: , request: "GET /favicon.ico HTTP/1.1", host: "localhost:8082", referrer: "http://localhost:8082/invoker/tms/transaction"
2022/09/15 10:42:01 [error] 32#32: *2 open() "/var/www/html/invoker/tms/transaction" failed (2: No such file or directory), client: 172.20.0.1, server: , request: "GET /invoker/tms/transaction HTTP/1.1", host: "localhost:8082"
2022/09/15 10:42:01 [error] 32#32: *2 open() "/var/www/html/favicon.ico" failed (2: No such file or directory), client: 172.20.0.1, server: , request: "GET /favicon.ico HTTP/1.1", host: "localhost:8082", referrer: "http://localhost:8082/invoker/tms/transaction"
2022/09/15 10:42:01 [error] 32#32: *2 open() "/var/www/html/favicon.ico" failed (2: No such file or directory), client: 172.20.0.1, server: , request: "GET /favicon.ico HTTP/1.1", host: "localhost:8082", referrer: "http://localhost:8082/invoker/tms/transaction"
2022/09/15 10:42:52 [notice] 1#1: signal 3 (SIGQUIT) received, shutting down
2022/09/15 10:42:52 [notice] 33#33: gracefully shutting down
2022/09/15 10:42:52 [notice] 33#33: exiting
2022/09/15 10:42:52 [notice] 31#31: gracefully shutting down
2022/09/15 10:42:52 [notice] 34#34: gracefully shutting down
2022/09/15 10:42:52 [notice] 34#34: exiting
2022/09/15 10:42:52 [notice] 32#32: gracefully shutting down
2022/09/15 10:42:52 [notice] 33#33: exit
2022/09/15 10:42:52 [notice] 31#31: exiting
2022/09/15 10:42:52 [notice] 34#34: exit
2022/09/15 10:42:52 [notice] 32#32: exiting
2022/09/15 10:42:52 [notice] 31#31: exit
2022/09/15 10:42:52 [notice] 32#32: exit
2022/09/15 10:42:52 [notice] 1#1: signal 17 (SIGCHLD) received from 33
2022/09/15 10:42:52 [notice] 1#1: worker process 33 exited with code 0
2022/09/15 10:42:52 [notice] 1#1: worker process 34 exited with code 0
2022/09/15 10:42:52 [notice] 1#1: signal 29 (SIGIO) received
2022/09/15 10:42:52 [notice] 1#1: signal 17 (SIGCHLD) received from 34
2022/09/15 10:42:52 [notice] 1#1: worker process 31 exited with code 0
2022/09/15 10:42:52 [notice] 1#1: signal 17 (SIGCHLD) received from 32
2022/09/15 10:42:52 [notice] 1#1: worker process 32 exited with code 0
2022/09/15 10:42:52 [notice] 1#1: exit
2022/09/15 10:42:55 [notice] 1#1: using the "epoll" event method
2022/09/15 10:42:55 [notice] 1#1: nginx/1.23.1
2022/09/15 10:42:55 [notice] 1#1: built by gcc 11.2.1 20220219 (Alpine 11.2.1_git20220219) 
2022/09/15 10:42:55 [notice] 1#1: OS: Linux 5.10.104-linuxkit
2022/09/15 10:42:55 [notice] 1#1: getrlimit(RLIMIT_NOFILE): 1048576:1048576
2022/09/15 10:42:55 [notice] 1#1: start worker processes
2022/09/15 10:42:55 [notice] 1#1: start worker process 31
2022/09/15 10:42:55 [notice] 1#1: start worker process 32
2022/09/15 10:42:55 [notice] 1#1: start worker process 33
2022/09/15 10:42:55 [notice] 1#1: start worker process 34
2022/09/15 10:44:24 [notice] 1#1: signal 3 (SIGQUIT) received, shutting down
2022/09/15 10:44:24 [notice] 32#32: gracefully shutting down
2022/09/15 10:44:24 [notice] 32#32: exiting
2022/09/15 10:44:24 [notice] 33#33: gracefully shutting down
2022/09/15 10:44:24 [notice] 31#31: gracefully shutting down
2022/09/15 10:44:24 [notice] 31#31: exiting
2022/09/15 10:44:24 [notice] 34#34: gracefully shutting down
2022/09/15 10:44:24 [notice] 32#32: exit
2022/09/15 10:44:24 [notice] 31#31: exit
2022/09/15 10:44:24 [notice] 34#34: exiting
2022/09/15 10:44:24 [notice] 34#34: exit
2022/09/15 10:44:24 [notice] 1#1: signal 17 (SIGCHLD) received from 32
2022/09/15 10:44:24 [notice] 1#1: worker process 31 exited with code 0
2022/09/15 10:44:24 [notice] 1#1: worker process 32 exited with code 0
2022/09/15 10:44:24 [notice] 1#1: signal 29 (SIGIO) received
2022/09/15 10:44:24 [notice] 1#1: signal 17 (SIGCHLD) received from 34
2022/09/15 10:44:24 [notice] 1#1: worker process 34 exited with code 0
2022/09/15 10:44:24 [notice] 1#1: signal 29 (SIGIO) received
2022/09/15 10:44:37 [notice] 1#1: using the "epoll" event method
2022/09/15 10:44:37 [notice] 1#1: nginx/1.23.1
2022/09/15 10:44:37 [notice] 1#1: built by gcc 11.2.1 20220219 (Alpine 11.2.1_git20220219) 
2022/09/15 10:44:37 [notice] 1#1: OS: Linux 5.10.104-linuxkit
2022/09/15 10:44:37 [notice] 1#1: getrlimit(RLIMIT_NOFILE): 1048576:1048576
2022/09/15 10:44:37 [notice] 1#1: start worker processes
2022/09/15 10:44:37 [notice] 1#1: start worker process 31
2022/09/15 10:44:37 [notice] 1#1: start worker process 32
2022/09/15 10:44:37 [notice] 1#1: start worker process 33
2022/09/15 10:44:37 [notice] 1#1: start worker process 34
2022/09/15 10:45:07 [notice] 1#1: signal 3 (SIGQUIT) received, shutting down
2022/09/15 10:45:07 [notice] 31#31: gracefully shutting down
2022/09/15 10:45:07 [notice] 33#33: gracefully shutting down
2022/09/15 10:45:07 [notice] 33#33: exiting
2022/09/15 10:45:07 [notice] 32#32: gracefully shutting down
2022/09/15 10:45:07 [notice] 34#34: gracefully shutting down
2022/09/15 10:45:07 [notice] 31#31: exiting
2022/09/15 10:45:07 [notice] 33#33: exit
2022/09/15 10:45:07 [notice] 34#34: exiting
2022/09/15 10:45:07 [notice] 31#31: exit
2022/09/15 10:45:07 [notice] 34#34: exit
2022/09/15 10:45:07 [notice] 1#1: signal 17 (SIGCHLD) received from 33
2022/09/15 10:45:07 [notice] 1#1: worker process 33 exited with code 0
2022/09/15 10:45:07 [notice] 1#1: signal 29 (SIGIO) received
2022/09/15 10:45:07 [notice] 1#1: signal 17 (SIGCHLD) received from 34
2022/09/15 10:45:07 [notice] 1#1: worker process 31 exited with code 0
2022/09/15 10:45:07 [notice] 1#1: worker process 34 exited with code 0
2022/09/15 10:45:07 [notice] 1#1: signal 29 (SIGIO) received
2022/09/15 10:45:19 [notice] 1#1: using the "epoll" event method
2022/09/15 10:45:19 [notice] 1#1: nginx/1.23.1
2022/09/15 10:45:19 [notice] 1#1: built by gcc 11.2.1 20220219 (Alpine 11.2.1_git20220219) 
2022/09/15 10:45:19 [notice] 1#1: OS: Linux 5.10.104-linuxkit
2022/09/15 10:45:19 [notice] 1#1: getrlimit(RLIMIT_NOFILE): 1048576:1048576
2022/09/15 10:45:19 [notice] 1#1: start worker processes
2022/09/15 10:45:19 [notice] 1#1: start worker process 31
2022/09/15 10:45:19 [notice] 1#1: start worker process 32
2022/09/15 10:45:19 [notice] 1#1: start worker process 33
2022/09/15 10:45:19 [notice] 1#1: start worker process 34
2022/09/15 10:45:51 [notice] 1#1: signal 3 (SIGQUIT) received, shutting down
2022/09/15 10:45:51 [notice] 31#31: gracefully shutting down
2022/09/15 10:45:51 [notice] 31#31: exiting
2022/09/15 10:45:51 [notice] 34#34: gracefully shutting down
2022/09/15 10:45:51 [notice] 32#32: gracefully shutting down
2022/09/15 10:45:51 [notice] 33#33: gracefully shutting down
2022/09/15 10:45:51 [notice] 31#31: exit
2022/09/15 10:45:51 [notice] 34#34: exiting
2022/09/15 10:45:51 [notice] 33#33: exiting
2022/09/15 10:45:51 [notice] 34#34: exit
2022/09/15 10:45:51 [notice] 33#33: exit
2022/09/15 10:45:51 [notice] 1#1: signal 17 (SIGCHLD) received from 34
2022/09/15 10:45:51 [notice] 1#1: worker process 34 exited with code 0
2022/09/15 10:45:51 [notice] 1#1: worker process 31 exited with code 0
2022/09/15 10:45:51 [notice] 1#1: worker process 33 exited with code 0
2022/09/15 10:45:51 [notice] 1#1: signal 29 (SIGIO) received
2022/09/15 10:45:51 [notice] 1#1: signal 17 (SIGCHLD) received from 31
2022/09/15 10:46:04 [notice] 1#1: using the "epoll" event method
2022/09/15 10:46:04 [notice] 1#1: nginx/1.23.1
2022/09/15 10:46:04 [notice] 1#1: built by gcc 11.2.1 20220219 (Alpine 11.2.1_git20220219) 
2022/09/15 10:46:04 [notice] 1#1: OS: Linux 5.10.104-linuxkit
2022/09/15 10:46:04 [notice] 1#1: getrlimit(RLIMIT_NOFILE): 1048576:1048576
2022/09/15 10:46:04 [notice] 1#1: start worker processes
2022/09/15 10:46:04 [notice] 1#1: start worker process 30
2022/09/15 10:46:04 [notice] 1#1: start worker process 31
2022/09/15 10:46:04 [notice] 1#1: start worker process 32
2022/09/15 10:46:04 [notice] 1#1: start worker process 33
2022/09/15 10:47:13 [notice] 1#1: signal 3 (SIGQUIT) received, shutting down
2022/09/15 10:47:13 [notice] 32#32: gracefully shutting down
2022/09/15 10:47:13 [notice] 31#31: gracefully shutting down
2022/09/15 10:47:13 [notice] 31#31: exiting
2022/09/15 10:47:13 [notice] 30#30: gracefully shutting down
2022/09/15 10:47:13 [notice] 32#32: exiting
2022/09/15 10:47:13 [notice] 33#33: gracefully shutting down
2022/09/15 10:47:13 [notice] 31#31: exit
2022/09/15 10:47:13 [notice] 30#30: exiting
2022/09/15 10:47:13 [notice] 32#32: exit
2022/09/15 10:47:13 [notice] 33#33: exiting
2022/09/15 10:47:13 [notice] 30#30: exit
2022/09/15 10:47:13 [notice] 33#33: exit
2022/09/15 10:47:13 [notice] 1#1: signal 17 (SIGCHLD) received from 31
2022/09/15 10:47:13 [notice] 1#1: worker process 31 exited with code 0
2022/09/15 10:47:13 [notice] 1#1: worker process 32 exited with code 0
2022/09/15 10:47:13 [notice] 1#1: signal 29 (SIGIO) received
2022/09/15 10:47:13 [notice] 1#1: signal 17 (SIGCHLD) received from 32
2022/09/15 10:47:13 [notice] 1#1: signal 17 (SIGCHLD) received from 30
2022/09/15 10:47:13 [notice] 1#1: worker process 30 exited with code 0
2022/09/15 10:47:13 [notice] 1#1: signal 29 (SIGIO) received
2022/09/15 10:47:13 [notice] 1#1: signal 17 (SIGCHLD) received from 33
2022/09/15 10:47:13 [notice] 1#1: worker process 33 exited with code 0
2022/09/15 10:47:13 [notice] 1#1: exit
2022/09/15 10:47:17 [notice] 1#1: using the "epoll" event method
2022/09/15 10:47:17 [notice] 1#1: nginx/1.23.1
2022/09/15 10:47:17 [notice] 1#1: built by gcc 11.2.1 20220219 (Alpine 11.2.1_git20220219) 
2022/09/15 10:47:17 [notice] 1#1: OS: Linux 5.10.104-linuxkit
2022/09/15 10:47:17 [notice] 1#1: getrlimit(RLIMIT_NOFILE): 1048576:1048576
2022/09/15 10:47:17 [notice] 1#1: start worker processes
2022/09/15 10:47:17 [notice] 1#1: start worker process 30
2022/09/15 10:47:17 [notice] 1#1: start worker process 31
2022/09/15 10:47:17 [notice] 1#1: start worker process 32
2022/09/15 10:47:17 [notice] 1#1: start worker process 33
2022/09/15 10:47:20 [error] 31#31: *2 open() "/var/www/html/invoker/tms/transaction" failed (2: No such file or directory), client: 172.30.0.1, server: , request: "GET /invoker/tms/transaction HTTP/1.1", host: "localhost:8082"
2022/09/15 10:47:20 [error] 31#31: *2 open() "/var/www/html/favicon.ico" failed (2: No such file or directory), client: 172.30.0.1, server: , request: "GET /favicon.ico HTTP/1.1", host: "localhost:8082", referrer: "http://localhost:8082/invoker/tms/transaction"
2022/09/15 10:47:29 [error] 31#31: *2 open() "/var/www/html/invoker/tms/transaction" failed (2: No such file or directory), client: 172.30.0.1, server: , request: "GET /invoker/tms/transaction HTTP/1.1", host: "localhost:8082"
2022/09/15 10:47:39 [error] 32#32: *7 open() "/var/www/html/theme/assets/img/logo-dagangan-white.png" failed (2: No such file or directory), client: 172.30.0.1, server: , request: "GET /theme/assets/img/logo-dagangan-white.png HTTP/1.1", host: "localhost:8082", referrer: "http://localhost:8082/invoker/"
2022/09/15 10:47:44 [error] 30#30: *5 open() "/var/www/html/theme/assets/img/logo-dagangan-white.png" failed (2: No such file or directory), client: 172.30.0.1, server: , request: "GET /theme/assets/img/logo-dagangan-white.png HTTP/1.1", host: "localhost:8082", referrer: "http://localhost:8082/invoker/"
2022/09/15 10:48:10 [notice] 1#1: signal 3 (SIGQUIT) received, shutting down
2022/09/15 10:48:10 [notice] 33#33: gracefully shutting down
2022/09/15 10:48:10 [notice] 33#33: exiting
2022/09/15 10:48:10 [notice] 31#31: gracefully shutting down
2022/09/15 10:48:10 [notice] 30#30: gracefully shutting down
2022/09/15 10:48:10 [notice] 30#30: exiting
2022/09/15 10:48:10 [notice] 32#32: gracefully shutting down
2022/09/15 10:48:10 [notice] 33#33: exit
2022/09/15 10:48:10 [notice] 30#30: exit
2022/09/15 10:48:10 [notice] 32#32: exiting
2022/09/15 10:48:10 [notice] 32#32: exit
2022/09/15 10:48:10 [notice] 1#1: signal 17 (SIGCHLD) received from 33
2022/09/15 10:48:10 [notice] 1#1: worker process 33 exited with code 0
2022/09/15 10:48:10 [notice] 1#1: signal 17 (SIGCHLD) received from 30
2022/09/15 10:48:10 [notice] 1#1: worker process 30 exited with code 0
2022/09/15 10:48:10 [notice] 1#1: worker process 32 exited with code 0
2022/09/15 10:48:10 [notice] 1#1: signal 17 (SIGCHLD) received from 32
2022/09/15 10:48:10 [notice] 1#1: signal 29 (SIGIO) received
2022/09/15 10:48:10 [notice] 1#1: signal 29 (SIGIO) received
2022/09/15 10:48:19 [notice] 31#31: exiting
2022/09/15 10:48:19 [notice] 31#31: exit
2022/09/15 10:48:19 [notice] 1#1: signal 17 (SIGCHLD) received from 31
2022/09/15 10:48:19 [notice] 1#1: worker process 31 exited with code 0
2022/09/15 10:48:19 [notice] 1#1: exit
2022/09/15 10:48:23 [warn] 1#1: conflicting server name "" on 0.0.0.0:80, ignored
2022/09/15 10:48:23 [notice] 1#1: using the "epoll" event method
2022/09/15 10:48:23 [notice] 1#1: nginx/1.23.1
2022/09/15 10:48:23 [notice] 1#1: built by gcc 11.2.1 20220219 (Alpine 11.2.1_git20220219) 
2022/09/15 10:48:23 [notice] 1#1: OS: Linux 5.10.104-linuxkit
2022/09/15 10:48:23 [notice] 1#1: getrlimit(RLIMIT_NOFILE): 1048576:1048576
2022/09/15 10:48:23 [notice] 1#1: start worker processes
2022/09/15 10:48:23 [notice] 1#1: start worker process 31
2022/09/15 10:48:23 [notice] 1#1: start worker process 32
2022/09/15 10:48:23 [notice] 1#1: start worker process 33
2022/09/15 10:48:23 [notice] 1#1: start worker process 34
2022/09/15 10:48:26 [error] 32#32: *3 open() "/var/www/html/theme/assets/img/logo-dagangan-white.png" failed (2: No such file or directory), client: 172.31.0.1, server: , request: "GET /theme/assets/img/logo-dagangan-white.png HTTP/1.1", host: "localhost:8082", referrer: "http://localhost:8082/invoker/"
2022/09/15 10:48:28 [error] 34#34: *5 open() "/var/www/html/theme/assets/img/logo-dagangan-white.png" failed (2: No such file or directory), client: 172.31.0.1, server: , request: "GET /theme/assets/img/logo-dagangan-white.png HTTP/1.1", host: "localhost:8082", referrer: "http://localhost:8082/invoker/"
2022/09/15 10:48:50 [error] 34#34: *5 open() "/var/www/html/theme/assets/img/logo-dagangan-white.png" failed (2: No such file or directory), client: 172.31.0.1, server: , request: "GET /theme/assets/img/logo-dagangan-white.png HTTP/1.1", host: "localhost:8082", referrer: "http://localhost:8082/invoker/"
2022/09/15 10:49:20 [error] 34#34: *5 open() "/var/www/html/invoker/tms/transaction" failed (2: No such file or directory), client: 172.31.0.1, server: , request: "GET /invoker/tms/transaction HTTP/1.1", host: "localhost:8082", referrer: "http://localhost:8082/invoker/"
2022/09/15 10:50:39 [notice] 1#1: signal 3 (SIGQUIT) received, shutting down
2022/09/15 10:50:39 [notice] 31#31: gracefully shutting down
2022/09/15 10:50:39 [notice] 32#32: gracefully shutting down
2022/09/15 10:50:39 [notice] 34#34: gracefully shutting down
2022/09/15 10:50:39 [notice] 34#34: exiting
2022/09/15 10:50:39 [notice] 33#33: gracefully shutting down
2022/09/15 10:50:39 [notice] 31#31: exiting
2022/09/15 10:50:39 [notice] 31#31: exit
2022/09/15 10:50:39 [notice] 32#32: exiting
2022/09/15 10:50:39 [notice] 34#34: exit
2022/09/15 10:50:39 [notice] 33#33: exiting
2022/09/15 10:50:39 [notice] 32#32: exit
2022/09/15 10:50:39 [notice] 33#33: exit
2022/09/15 10:50:39 [notice] 1#1: signal 17 (SIGCHLD) received from 31
2022/09/15 10:50:39 [notice] 1#1: worker process 31 exited with code 0
2022/09/15 10:50:39 [notice] 1#1: signal 29 (SIGIO) received
2022/09/15 10:50:39 [notice] 1#1: signal 17 (SIGCHLD) received from 34
2022/09/15 10:50:39 [notice] 1#1: worker process 34 exited with code 0
2022/09/15 10:50:39 [notice] 1#1: signal 29 (SIGIO) received
2022/09/15 10:50:39 [notice] 1#1: signal 17 (SIGCHLD) received from 33
2022/09/15 10:50:39 [notice] 1#1: worker process 33 exited with code 0
2022/09/15 10:50:39 [notice] 1#1: signal 29 (SIGIO) received
2022/09/15 10:50:39 [notice] 1#1: signal 17 (SIGCHLD) received from 32
2022/09/15 10:50:39 [notice] 1#1: worker process 32 exited with code 0
2022/09/15 10:50:39 [notice] 1#1: exit
2022/09/15 10:50:42 [warn] 1#1: conflicting server name "" on 0.0.0.0:80, ignored
2022/09/15 10:50:42 [notice] 1#1: using the "epoll" event method
2022/09/15 10:50:42 [notice] 1#1: nginx/1.23.1
2022/09/15 10:50:42 [notice] 1#1: built by gcc 11.2.1 20220219 (Alpine 11.2.1_git20220219) 
2022/09/15 10:50:42 [notice] 1#1: OS: Linux 5.10.104-linuxkit
2022/09/15 10:50:42 [notice] 1#1: getrlimit(RLIMIT_NOFILE): 1048576:1048576
2022/09/15 10:50:42 [notice] 1#1: start worker processes
2022/09/15 10:50:42 [notice] 1#1: start worker process 31
2022/09/15 10:50:42 [notice] 1#1: start worker process 32
2022/09/15 10:50:42 [notice] 1#1: start worker process 33
2022/09/15 10:50:42 [notice] 1#1: start worker process 34
2022/09/15 10:50:48 [error] 31#31: *1 open() "/var/www/html/invoker/tms/transaction" failed (2: No such file or directory), client: 192.168.0.1, server: , request: "GET /invoker/tms/transaction HTTP/1.1", host: "localhost:8082", referrer: "http://localhost:8082/invoker/"
2022/09/15 10:50:49 [error] 31#31: *1 open() "/var/www/html/invoker/tms/transaction" failed (2: No such file or directory), client: 192.168.0.1, server: , request: "GET /invoker/tms/transaction HTTP/1.1", host: "localhost:8082", referrer: "http://localhost:8082/invoker/"
2022/09/15 10:50:58 [error] 31#31: *1 open() "/var/www/html/invoker/tms/transaction" failed (2: No such file or directory), client: 192.168.0.1, server: , request: "GET /invoker/tms/transaction HTTP/1.1", host: "localhost:8082"
2022/09/15 10:51:17 [error] 31#31: *6 open() "/var/www/html/theme/assets/img/logo-dagangan-white.png" failed (2: No such file or directory), client: 192.168.0.1, server: , request: "GET /theme/assets/img/logo-dagangan-white.png HTTP/1.1", host: "localhost:8082", referrer: "http://localhost:8082/invoker/"
2022/09/15 10:51:19 [error] 31#31: *6 open() "/var/www/html/theme/assets/img/logo-dagangan-white.png" failed (2: No such file or directory), client: 192.168.0.1, server: , request: "GET /theme/assets/img/logo-dagangan-white.png HTTP/1.1", host: "localhost:8082", referrer: "http://localhost:8082/invoker/"
2022/09/15 10:51:26 [error] 31#31: *6 open() "/var/www/html/invoker/tms/transaction" failed (2: No such file or directory), client: 192.168.0.1, server: , request: "GET /invoker/tms/transaction HTTP/1.1", host: "localhost:8082", referrer: "http://localhost:8082/invoker/"
2022/09/15 10:53:13 [notice] 1#1: signal 3 (SIGQUIT) received, shutting down
2022/09/15 10:53:13 [notice] 32#32: gracefully shutting down
2022/09/15 10:53:13 [notice] 34#34: gracefully shutting down
2022/09/15 10:53:13 [notice] 32#32: exiting
2022/09/15 10:53:13 [notice] 34#34: exiting
2022/09/15 10:53:13 [notice] 31#31: gracefully shutting down
2022/09/15 10:53:13 [notice] 32#32: exit
2022/09/15 10:53:13 [notice] 33#33: gracefully shutting down
2022/09/15 10:53:13 [notice] 34#34: exit
2022/09/15 10:53:13 [notice] 31#31: exiting
2022/09/15 10:53:13 [notice] 31#31: exit
2022/09/15 10:53:13 [notice] 33#33: exiting
2022/09/15 10:53:13 [notice] 33#33: exit
2022/09/15 10:53:13 [notice] 1#1: signal 17 (SIGCHLD) received from 32
2022/09/15 10:53:13 [notice] 1#1: worker process 31 exited with code 0
2022/09/15 10:53:13 [notice] 1#1: worker process 32 exited with code 0
2022/09/15 10:53:13 [notice] 1#1: worker process 34 exited with code 0
2022/09/15 10:53:13 [notice] 1#1: signal 29 (SIGIO) received
2022/09/15 10:53:13 [notice] 1#1: signal 17 (SIGCHLD) received from 33
2022/09/15 10:53:13 [notice] 1#1: worker process 33 exited with code 0
2022/09/15 10:53:13 [notice] 1#1: exit
2022/09/15 10:53:16 [notice] 1#1: using the "epoll" event method
2022/09/15 10:53:16 [notice] 1#1: nginx/1.23.1
2022/09/15 10:53:16 [notice] 1#1: built by gcc 11.2.1 20220219 (Alpine 11.2.1_git20220219) 
2022/09/15 10:53:16 [notice] 1#1: OS: Linux 5.10.104-linuxkit
2022/09/15 10:53:16 [notice] 1#1: getrlimit(RLIMIT_NOFILE): 1048576:1048576
2022/09/15 10:53:16 [notice] 1#1: start worker processes
2022/09/15 10:53:16 [notice] 1#1: start worker process 30
2022/09/15 10:53:16 [notice] 1#1: start worker process 31
2022/09/15 10:53:16 [notice] 1#1: start worker process 32
2022/09/15 10:53:16 [notice] 1#1: start worker process 33
2022/09/16 02:53:53 [notice] 1#1: signal 3 (SIGQUIT) received, shutting down
2022/09/16 02:53:53 [notice] 30#30: gracefully shutting down
2022/09/16 02:53:53 [notice] 31#31: gracefully shutting down
2022/09/16 02:53:53 [notice] 31#31: exiting
2022/09/16 02:53:53 [notice] 33#33: gracefully shutting down
2022/09/16 02:53:53 [notice] 32#32: gracefully shutting down
2022/09/16 02:53:53 [notice] 30#30: exiting
2022/09/16 02:53:53 [notice] 30#30: exit
2022/09/16 02:53:53 [notice] 31#31: exit
2022/09/16 02:53:53 [notice] 32#32: exiting
2022/09/16 02:53:53 [notice] 33#33: exiting
2022/09/16 02:53:53 [notice] 33#33: exit
2022/09/16 02:53:53 [notice] 32#32: exit
2022/09/16 02:53:54 [notice] 1#1: signal 17 (SIGCHLD) received from 31
2022/09/16 02:53:54 [notice] 1#1: worker process 31 exited with code 0
2022/09/16 02:53:54 [notice] 1#1: signal 29 (SIGIO) received
2022/09/16 02:53:54 [notice] 1#1: signal 17 (SIGCHLD) received from 30
2022/09/16 02:53:54 [notice] 1#1: worker process 30 exited with code 0
2022/09/16 02:53:54 [notice] 1#1: signal 29 (SIGIO) received
2022/09/16 02:53:54 [notice] 1#1: signal 17 (SIGCHLD) received from 32
2022/09/16 02:53:54 [notice] 1#1: worker process 32 exited with code 0
2022/09/16 02:53:54 [notice] 1#1: signal 29 (SIGIO) received
2022/09/16 02:53:54 [notice] 1#1: signal 17 (SIGCHLD) received from 33
2022/09/16 02:53:54 [notice] 1#1: worker process 33 exited with code 0
2022/09/16 02:53:54 [notice] 1#1: exit
2022/09/16 02:58:04 [notice] 1#1: using the "epoll" event method
2022/09/16 02:58:04 [notice] 1#1: nginx/1.23.1
2022/09/16 02:58:04 [notice] 1#1: built by gcc 11.2.1 20220219 (Alpine 11.2.1_git20220219) 
2022/09/16 02:58:04 [notice] 1#1: OS: Linux 5.10.104-linuxkit
2022/09/16 02:58:04 [notice] 1#1: getrlimit(RLIMIT_NOFILE): 1048576:1048576
2022/09/16 02:58:04 [notice] 1#1: start worker processes
2022/09/16 02:58:04 [notice] 1#1: start worker process 31
2022/09/16 02:58:04 [notice] 1#1: start worker process 32
2022/09/16 02:58:04 [notice] 1#1: start worker process 33
2022/09/16 02:58:04 [notice] 1#1: start worker process 34
2022/09/16 03:35:29 [notice] 1#1: signal 3 (SIGQUIT) received, shutting down
2022/09/16 03:35:29 [notice] 31#31: gracefully shutting down
2022/09/16 03:35:29 [notice] 32#32: gracefully shutting down
2022/09/16 03:35:29 [notice] 34#34: gracefully shutting down
2022/09/16 03:35:29 [notice] 33#33: gracefully shutting down
2022/09/16 03:35:29 [notice] 31#31: exiting
2022/09/16 03:35:29 [notice] 32#32: exiting
2022/09/16 03:35:29 [notice] 33#33: exiting
2022/09/16 03:35:29 [notice] 33#33: exit
2022/09/16 03:35:29 [notice] 34#34: exiting
2022/09/16 03:35:29 [notice] 32#32: exit
2022/09/16 03:35:29 [notice] 31#31: exit
2022/09/16 03:35:29 [notice] 34#34: exit
2022/09/16 03:35:29 [notice] 1#1: signal 17 (SIGCHLD) received from 33
2022/09/16 03:35:29 [notice] 1#1: worker process 33 exited with code 0
2022/09/16 03:35:29 [notice] 1#1: signal 29 (SIGIO) received
2022/09/16 03:35:29 [notice] 1#1: signal 17 (SIGCHLD) received from 31
2022/09/16 03:35:29 [notice] 1#1: worker process 31 exited with code 0
2022/09/16 03:35:29 [notice] 1#1: worker process 32 exited with code 0
2022/09/16 03:35:29 [notice] 1#1: signal 17 (SIGCHLD) received from 32
2022/09/16 03:35:29 [notice] 1#1: worker process 34 exited with code 0
2022/09/16 03:35:29 [notice] 1#1: signal 17 (SIGCHLD) received from 34
2022/09/16 03:35:29 [notice] 1#1: exit
2022/09/16 03:38:19 [notice] 1#1: using the "epoll" event method
2022/09/16 03:38:19 [notice] 1#1: nginx/1.23.1
2022/09/16 03:38:19 [notice] 1#1: built by gcc 11.2.1 20220219 (Alpine 11.2.1_git20220219) 
2022/09/16 03:38:19 [notice] 1#1: OS: Linux 5.10.104-linuxkit
2022/09/16 03:38:19 [notice] 1#1: getrlimit(RLIMIT_NOFILE): 1048576:1048576
2022/09/16 03:38:19 [notice] 1#1: start worker processes
2022/09/16 03:38:19 [notice] 1#1: start worker process 31
2022/09/16 03:38:19 [notice] 1#1: start worker process 32
2022/09/16 03:38:19 [notice] 1#1: start worker process 33
2022/09/16 03:38:19 [notice] 1#1: start worker process 34
2022/09/16 03:41:44 [notice] 1#1: signal 3 (SIGQUIT) received, shutting down
2022/09/16 03:41:44 [notice] 32#32: gracefully shutting down
2022/09/16 03:41:44 [notice] 31#31: gracefully shutting down
2022/09/16 03:41:44 [notice] 31#31: exiting
2022/09/16 03:41:44 [notice] 34#34: gracefully shutting down
2022/09/16 03:41:44 [notice] 33#33: gracefully shutting down
2022/09/16 03:41:44 [notice] 32#32: exiting
2022/09/16 03:41:44 [notice] 32#32: exit
2022/09/16 03:41:44 [notice] 31#31: exit
2022/09/16 03:41:44 [notice] 33#33: exiting
2022/09/16 03:41:44 [notice] 34#34: exiting
2022/09/16 03:41:44 [notice] 33#33: exit
2022/09/16 03:41:44 [notice] 34#34: exit
2022/09/16 03:41:44 [notice] 1#1: signal 17 (SIGCHLD) received from 31
2022/09/16 03:41:44 [notice] 1#1: worker process 31 exited with code 0
2022/09/16 03:41:44 [notice] 1#1: worker process 32 exited with code 0
2022/09/16 03:41:44 [notice] 1#1: signal 29 (SIGIO) received
2022/09/16 03:41:44 [notice] 1#1: signal 17 (SIGCHLD) received from 34
2022/09/16 03:41:44 [notice] 1#1: worker process 34 exited with code 0
2022/09/16 03:41:44 [notice] 1#1: signal 29 (SIGIO) received
2022/09/16 03:41:44 [notice] 1#1: signal 17 (SIGCHLD) received from 33
2022/09/16 03:41:44 [notice] 1#1: worker process 33 exited with code 0
2022/09/16 03:41:44 [notice] 1#1: exit
2022/09/16 03:44:48 [notice] 1#1: using the "epoll" event method
2022/09/16 03:44:48 [notice] 1#1: nginx/1.23.1
2022/09/16 03:44:48 [notice] 1#1: built by gcc 11.2.1 20220219 (Alpine 11.2.1_git20220219) 
2022/09/16 03:44:48 [notice] 1#1: OS: Linux 5.10.104-linuxkit
2022/09/16 03:44:48 [notice] 1#1: getrlimit(RLIMIT_NOFILE): 1048576:1048576
2022/09/16 03:44:48 [notice] 1#1: start worker processes
2022/09/16 03:44:48 [notice] 1#1: start worker process 31
2022/09/16 03:44:48 [notice] 1#1: start worker process 32
2022/09/16 03:44:48 [notice] 1#1: start worker process 33
2022/09/16 03:44:48 [notice] 1#1: start worker process 34
